{"name":"Login succesfully","id":"login;login-succesfully","testSteps":[{"number":1,"description":"Given he user enter a the website","duration":5303,"startTime":"2023-09-18T15:03:10.682-05:00[America/Bogota]","screenshots":[{"screenshot":"0187112697ce8bdb7f555d61093f1a6cb43c966f9c25904a03ae4575ef5a6d76.png","timeStamp":1695067395985}],"result":"SUCCESS","precondition":false,"level":0,"children":[{"number":2,"description":"Andres opens the https://www.mercadolibre.com.co/","duration":5139,"startTime":"2023-09-18T15:03:10.831-05:00[America/Bogota]","screenshots":[{"screenshot":"0187112697ce8bdb7f555d61093f1a6cb43c966f9c25904a03ae4575ef5a6d76.png","timeStamp":1695067395970}],"result":"SUCCESS","precondition":false,"level":1}]},{"number":3,"description":"When he user enter with credentials\r\n| email | password |\r\n| rmquilindo8@misena.edu.co | K7!5o*if |","duration":7392,"startTime":"2023-09-18T15:03:15.988-05:00[America/Bogota]","screenshots":[{"screenshot":"0187112697ce8bdb7f555d61093f1a6cb43c966f9c25904a03ae4575ef5a6d76.png","timeStamp":1695067395997}],"exception":{"errorType":"net.thucydides.core.webdriver.exceptions.ElementShouldBeEnabledException","message":"Expected enabled element was not enabled","stackTrace":[{"declaringClass":"com.co.shein.tasks.LoginTask","methodName":"performAs","fileName":"LoginTask.java","lineNumber":27},{"declaringClass":"com.co.shein.stepsdefinitions.LoginStepDefiniton","methodName":"heUserEnterWithCredentials","fileName":"LoginStepDefiniton.java","lineNumber":40},{"declaringClass":"cucumber.runner.Runner","methodName":"runPickle","fileName":"Runner.java","lineNumber":80},{"declaringClass":"worker.org.gradle.process.internal.worker.GradleWorkerMain","methodName":"run","fileName":"GradleWorkerMain.java","lineNumber":69},{"declaringClass":"worker.org.gradle.process.internal.worker.GradleWorkerMain","methodName":"main","fileName":"GradleWorkerMain.java","lineNumber":74}],"rootCause":{"errorType":"org.openqa.selenium.TimeoutException","message":"Expected condition failed: waiting for By.xpath: (//input[@class\u003d\u0027sui-input__inner sui-input__inner-suffix\u0027])[1] to be enabled (tried for 5 second(s) with 100 milliseconds interval)","stackTrace":[{"declaringClass":"com.co.shein.tasks.LoginTask","methodName":"performAs","fileName":"LoginTask.java","lineNumber":27},{"declaringClass":"com.co.shein.stepsdefinitions.LoginStepDefiniton","methodName":"heUserEnterWithCredentials","fileName":"LoginStepDefiniton.java","lineNumber":40},{"declaringClass":"cucumber.runner.Runner","methodName":"runPickle","fileName":"Runner.java","lineNumber":80},{"declaringClass":"worker.org.gradle.process.internal.worker.GradleWorkerMain","methodName":"run","fileName":"GradleWorkerMain.java","lineNumber":69},{"declaringClass":"worker.org.gradle.process.internal.worker.GradleWorkerMain","methodName":"main","fileName":"GradleWorkerMain.java","lineNumber":74}],"rootCause":{"errorType":"org.openqa.selenium.NoSuchElementException","message":"no such element: Unable to locate element: {\"method\":\"xpath\",\"selector\":\"(//input[@class\u003d\u0027sui-input__inner sui-input__inner-suffix\u0027])[1]\"}\n  (Session info: chrome\u003d117.0.5938.63)\nFor documentation on this error, please visit: https://www.seleniumhq.org/exceptions/no_such_element.html\nBuild info: version: \u00273.141.59\u0027, revision: \u0027e82be7d358\u0027, time: \u00272018-11-14T08:17:03\u0027\nSystem info: host: \u0027DESKTOP-59VBOP8\u0027, ip: \u002710.185.80.173\u0027, os.name: \u0027Windows 10\u0027, os.arch: \u0027amd64\u0027, os.version: \u002710.0\u0027, java.version: \u00271.8.0_161\u0027\nDriver info: org.openqa.selenium.chrome.ChromeDriver\nCapabilities {acceptInsecureCerts: false, browserName: chrome, browserVersion: 117.0.5938.63, chrome: {chromedriverVersion: 116.0.5845.96 (1a3918166880..., userDataDir: C:\\Users\\WS\\AppData\\Local\\T...}, fedcm:accounts: true, goog:chromeOptions: {debuggerAddress: localhost:57365}, javascriptEnabled: true, networkConnectionEnabled: false, pageLoadStrategy: normal, platform: WINDOWS, platformName: WINDOWS, proxy: Proxy(), setWindowRect: true, strictFileInteractability: false, timeouts: {implicit: 0, pageLoad: 300000, script: 30000}, unhandledPromptBehavior: dismiss and notify, webauthn:extension:credBlob: true, webauthn:extension:largeBlob: true, webauthn:extension:minPinLength: true, webauthn:extension:prf: true, webauthn:virtualAuthenticators: true}\nSession ID: 9b06553d66cd2619ab328a6b5ca1f6e1\n*** Element info: {Using\u003dxpath, value\u003d(//input[@class\u003d\u0027sui-input__inner sui-input__inner-suffix\u0027])[1]}","stackTrace":[{"declaringClass":"com.co.shein.tasks.LoginTask","methodName":"performAs","fileName":"LoginTask.java","lineNumber":27},{"declaringClass":"com.co.shein.stepsdefinitions.LoginStepDefiniton","methodName":"heUserEnterWithCredentials","fileName":"LoginStepDefiniton.java","lineNumber":40},{"declaringClass":"cucumber.runner.Runner","methodName":"runPickle","fileName":"Runner.java","lineNumber":80},{"declaringClass":"worker.org.gradle.process.internal.worker.GradleWorkerMain","methodName":"run","fileName":"GradleWorkerMain.java","lineNumber":69},{"declaringClass":"worker.org.gradle.process.internal.worker.GradleWorkerMain","methodName":"main","fileName":"GradleWorkerMain.java","lineNumber":74}]}}},"result":"FAILURE","precondition":false,"level":0,"children":[{"number":4,"description":"Andres login task","duration":7360,"startTime":"2023-09-18T15:03:16.010-05:00[America/Bogota]","screenshots":[{"screenshot":"0187112697ce8bdb7f555d61093f1a6cb43c966f9c25904a03ae4575ef5a6d76.png","timeStamp":1695067396016}],"exception":{"errorType":"net.thucydides.core.webdriver.exceptions.ElementShouldBeEnabledException","message":"Expected enabled element was not enabled","stackTrace":[{"declaringClass":"com.co.shein.tasks.LoginTask","methodName":"performAs","fileName":"LoginTask.java","lineNumber":27},{"declaringClass":"com.co.shein.stepsdefinitions.LoginStepDefiniton","methodName":"heUserEnterWithCredentials","fileName":"LoginStepDefiniton.java","lineNumber":40},{"declaringClass":"cucumber.runner.Runner","methodName":"runPickle","fileName":"Runner.java","lineNumber":80},{"declaringClass":"worker.org.gradle.process.internal.worker.GradleWorkerMain","methodName":"run","fileName":"GradleWorkerMain.java","lineNumber":69},{"declaringClass":"worker.org.gradle.process.internal.worker.GradleWorkerMain","methodName":"main","fileName":"GradleWorkerMain.java","lineNumber":74}],"rootCause":{"errorType":"org.openqa.selenium.TimeoutException","message":"Expected condition failed: waiting for By.xpath: (//input[@class\u003d\u0027sui-input__inner sui-input__inner-suffix\u0027])[1] to be enabled (tried for 5 second(s) with 100 milliseconds interval)","stackTrace":[{"declaringClass":"com.co.shein.tasks.LoginTask","methodName":"performAs","fileName":"LoginTask.java","lineNumber":27},{"declaringClass":"com.co.shein.stepsdefinitions.LoginStepDefiniton","methodName":"heUserEnterWithCredentials","fileName":"LoginStepDefiniton.java","lineNumber":40},{"declaringClass":"cucumber.runner.Runner","methodName":"runPickle","fileName":"Runner.java","lineNumber":80},{"declaringClass":"worker.org.gradle.process.internal.worker.GradleWorkerMain","methodName":"run","fileName":"GradleWorkerMain.java","lineNumber":69},{"declaringClass":"worker.org.gradle.process.internal.worker.GradleWorkerMain","methodName":"main","fileName":"GradleWorkerMain.java","lineNumber":74}],"rootCause":{"errorType":"org.openqa.selenium.NoSuchElementException","message":"no such element: Unable to locate element: {\"method\":\"xpath\",\"selector\":\"(//input[@class\u003d\u0027sui-input__inner sui-input__inner-suffix\u0027])[1]\"}\n  (Session info: chrome\u003d117.0.5938.63)\nFor documentation on this error, please visit: https://www.seleniumhq.org/exceptions/no_such_element.html\nBuild info: version: \u00273.141.59\u0027, revision: \u0027e82be7d358\u0027, time: \u00272018-11-14T08:17:03\u0027\nSystem info: host: \u0027DESKTOP-59VBOP8\u0027, ip: \u002710.185.80.173\u0027, os.name: \u0027Windows 10\u0027, os.arch: \u0027amd64\u0027, os.version: \u002710.0\u0027, java.version: \u00271.8.0_161\u0027\nDriver info: org.openqa.selenium.chrome.ChromeDriver\nCapabilities {acceptInsecureCerts: false, browserName: chrome, browserVersion: 117.0.5938.63, chrome: {chromedriverVersion: 116.0.5845.96 (1a3918166880..., userDataDir: C:\\Users\\WS\\AppData\\Local\\T...}, fedcm:accounts: true, goog:chromeOptions: {debuggerAddress: localhost:57365}, javascriptEnabled: true, networkConnectionEnabled: false, pageLoadStrategy: normal, platform: WINDOWS, platformName: WINDOWS, proxy: Proxy(), setWindowRect: true, strictFileInteractability: false, timeouts: {implicit: 0, pageLoad: 300000, script: 30000}, unhandledPromptBehavior: dismiss and notify, webauthn:extension:credBlob: true, webauthn:extension:largeBlob: true, webauthn:extension:minPinLength: true, webauthn:extension:prf: true, webauthn:virtualAuthenticators: true}\nSession ID: 9b06553d66cd2619ab328a6b5ca1f6e1\n*** Element info: {Using\u003dxpath, value\u003d(//input[@class\u003d\u0027sui-input__inner sui-input__inner-suffix\u0027])[1]}","stackTrace":[{"declaringClass":"com.co.shein.tasks.LoginTask","methodName":"performAs","fileName":"LoginTask.java","lineNumber":27},{"declaringClass":"com.co.shein.stepsdefinitions.LoginStepDefiniton","methodName":"heUserEnterWithCredentials","fileName":"LoginStepDefiniton.java","lineNumber":40},{"declaringClass":"cucumber.runner.Runner","methodName":"runPickle","fileName":"Runner.java","lineNumber":80},{"declaringClass":"worker.org.gradle.process.internal.worker.GradleWorkerMain","methodName":"run","fileName":"GradleWorkerMain.java","lineNumber":69},{"declaringClass":"worker.org.gradle.process.internal.worker.GradleWorkerMain","methodName":"main","fileName":"GradleWorkerMain.java","lineNumber":74}]}}},"result":"FAILURE","precondition":false,"level":1,"children":[{"number":5,"description":"Andres enters \u0027rmquilindo8@misena.edu.co\u0027 into campo para email","duration":7329,"startTime":"2023-09-18T15:03:16.029-05:00[America/Bogota]","screenshots":[{"screenshot":"dc854afe3219a8a0010b6bb69f0bd992ecb7e938b5e1e8213d284d92096383dc.png","timeStamp":1695067396360},{"screenshot":"2e1849124ea1511d5decef158f1cfbfd7dbf105b4e35e296f8cc82f941f38dcf.png","htmlSource":"pagesource8339065647229251862.html.txt","timeStamp":1695067403349}],"exception":{"errorType":"net.thucydides.core.webdriver.exceptions.ElementShouldBeEnabledException","message":"Expected enabled element was not enabled","stackTrace":[{"declaringClass":"com.co.shein.tasks.LoginTask","methodName":"performAs","fileName":"LoginTask.java","lineNumber":27},{"declaringClass":"com.co.shein.stepsdefinitions.LoginStepDefiniton","methodName":"heUserEnterWithCredentials","fileName":"LoginStepDefiniton.java","lineNumber":40},{"declaringClass":"cucumber.runner.Runner","methodName":"runPickle","fileName":"Runner.java","lineNumber":80},{"declaringClass":"worker.org.gradle.process.internal.worker.GradleWorkerMain","methodName":"run","fileName":"GradleWorkerMain.java","lineNumber":69},{"declaringClass":"worker.org.gradle.process.internal.worker.GradleWorkerMain","methodName":"main","fileName":"GradleWorkerMain.java","lineNumber":74}],"rootCause":{"errorType":"org.openqa.selenium.TimeoutException","message":"Expected condition failed: waiting for By.xpath: (//input[@class\u003d\u0027sui-input__inner sui-input__inner-suffix\u0027])[1] to be enabled (tried for 5 second(s) with 100 milliseconds interval)","stackTrace":[{"declaringClass":"com.co.shein.tasks.LoginTask","methodName":"performAs","fileName":"LoginTask.java","lineNumber":27},{"declaringClass":"com.co.shein.stepsdefinitions.LoginStepDefiniton","methodName":"heUserEnterWithCredentials","fileName":"LoginStepDefiniton.java","lineNumber":40},{"declaringClass":"cucumber.runner.Runner","methodName":"runPickle","fileName":"Runner.java","lineNumber":80},{"declaringClass":"worker.org.gradle.process.internal.worker.GradleWorkerMain","methodName":"run","fileName":"GradleWorkerMain.java","lineNumber":69},{"declaringClass":"worker.org.gradle.process.internal.worker.GradleWorkerMain","methodName":"main","fileName":"GradleWorkerMain.java","lineNumber":74}],"rootCause":{"errorType":"org.openqa.selenium.NoSuchElementException","message":"no such element: Unable to locate element: {\"method\":\"xpath\",\"selector\":\"(//input[@class\u003d\u0027sui-input__inner sui-input__inner-suffix\u0027])[1]\"}\n  (Session info: chrome\u003d117.0.5938.63)\nFor documentation on this error, please visit: https://www.seleniumhq.org/exceptions/no_such_element.html\nBuild info: version: \u00273.141.59\u0027, revision: \u0027e82be7d358\u0027, time: \u00272018-11-14T08:17:03\u0027\nSystem info: host: \u0027DESKTOP-59VBOP8\u0027, ip: \u002710.185.80.173\u0027, os.name: \u0027Windows 10\u0027, os.arch: \u0027amd64\u0027, os.version: \u002710.0\u0027, java.version: \u00271.8.0_161\u0027\nDriver info: org.openqa.selenium.chrome.ChromeDriver\nCapabilities {acceptInsecureCerts: false, browserName: chrome, browserVersion: 117.0.5938.63, chrome: {chromedriverVersion: 116.0.5845.96 (1a3918166880..., userDataDir: C:\\Users\\WS\\AppData\\Local\\T...}, fedcm:accounts: true, goog:chromeOptions: {debuggerAddress: localhost:57365}, javascriptEnabled: true, networkConnectionEnabled: false, pageLoadStrategy: normal, platform: WINDOWS, platformName: WINDOWS, proxy: Proxy(), setWindowRect: true, strictFileInteractability: false, timeouts: {implicit: 0, pageLoad: 300000, script: 30000}, unhandledPromptBehavior: dismiss and notify, webauthn:extension:credBlob: true, webauthn:extension:largeBlob: true, webauthn:extension:minPinLength: true, webauthn:extension:prf: true, webauthn:virtualAuthenticators: true}\nSession ID: 9b06553d66cd2619ab328a6b5ca1f6e1\n*** Element info: {Using\u003dxpath, value\u003d(//input[@class\u003d\u0027sui-input__inner sui-input__inner-suffix\u0027])[1]}","stackTrace":[{"declaringClass":"com.co.shein.tasks.LoginTask","methodName":"performAs","fileName":"LoginTask.java","lineNumber":27},{"declaringClass":"com.co.shein.stepsdefinitions.LoginStepDefiniton","methodName":"heUserEnterWithCredentials","fileName":"LoginStepDefiniton.java","lineNumber":40},{"declaringClass":"cucumber.runner.Runner","methodName":"runPickle","fileName":"Runner.java","lineNumber":80},{"declaringClass":"worker.org.gradle.process.internal.worker.GradleWorkerMain","methodName":"run","fileName":"GradleWorkerMain.java","lineNumber":69},{"declaringClass":"worker.org.gradle.process.internal.worker.GradleWorkerMain","methodName":"main","fileName":"GradleWorkerMain.java","lineNumber":74}]}}},"result":"FAILURE","precondition":false,"level":2}]}]},{"number":6,"description":"Then he could succesfully","duration":7,"startTime":"2023-09-18T15:03:23.397-05:00[America/Bogota]","result":"SKIPPED","precondition":false,"level":0}],"userStory":{"id":"login","storyName":"Login","path":"src/test/resources/features/login.feature","type":"feature"},"featureTag":{"name":"Features/Login","type":"feature","displayName":"Features/Login"},"title":"Login succesfully","tags":[{"name":"Login","type":"feature","displayName":"Login"}],"startTime":"2023-09-18T15:03:10.572-05:00[America/Bogota]","duration":12833,"testFailureCause":{"errorType":"net.thucydides.core.webdriver.exceptions.ElementShouldBeEnabledException","message":"Expected enabled element was not enabled","stackTrace":[{"declaringClass":"com.co.shein.tasks.LoginTask","methodName":"performAs","fileName":"LoginTask.java","lineNumber":27},{"declaringClass":"com.co.shein.stepsdefinitions.LoginStepDefiniton","methodName":"heUserEnterWithCredentials","fileName":"LoginStepDefiniton.java","lineNumber":40},{"declaringClass":"cucumber.runner.Runner","methodName":"runPickle","fileName":"Runner.java","lineNumber":80},{"declaringClass":"worker.org.gradle.process.internal.worker.GradleWorkerMain","methodName":"run","fileName":"GradleWorkerMain.java","lineNumber":69},{"declaringClass":"worker.org.gradle.process.internal.worker.GradleWorkerMain","methodName":"main","fileName":"GradleWorkerMain.java","lineNumber":74}],"rootCause":{"errorType":"org.openqa.selenium.TimeoutException","message":"Expected condition failed: waiting for By.xpath: (//input[@class\u003d\u0027sui-input__inner sui-input__inner-suffix\u0027])[1] to be enabled (tried for 5 second(s) with 100 milliseconds interval)","stackTrace":[{"declaringClass":"com.co.shein.tasks.LoginTask","methodName":"performAs","fileName":"LoginTask.java","lineNumber":27},{"declaringClass":"com.co.shein.stepsdefinitions.LoginStepDefiniton","methodName":"heUserEnterWithCredentials","fileName":"LoginStepDefiniton.java","lineNumber":40},{"declaringClass":"cucumber.runner.Runner","methodName":"runPickle","fileName":"Runner.java","lineNumber":80},{"declaringClass":"worker.org.gradle.process.internal.worker.GradleWorkerMain","methodName":"run","fileName":"GradleWorkerMain.java","lineNumber":69},{"declaringClass":"worker.org.gradle.process.internal.worker.GradleWorkerMain","methodName":"main","fileName":"GradleWorkerMain.java","lineNumber":74}],"rootCause":{"errorType":"org.openqa.selenium.NoSuchElementException","message":"no such element: Unable to locate element: {\"method\":\"xpath\",\"selector\":\"(//input[@class\u003d\u0027sui-input__inner sui-input__inner-suffix\u0027])[1]\"}\n  (Session info: chrome\u003d117.0.5938.63)\nFor documentation on this error, please visit: https://www.seleniumhq.org/exceptions/no_such_element.html\nBuild info: version: \u00273.141.59\u0027, revision: \u0027e82be7d358\u0027, time: \u00272018-11-14T08:17:03\u0027\nSystem info: host: \u0027DESKTOP-59VBOP8\u0027, ip: \u002710.185.80.173\u0027, os.name: \u0027Windows 10\u0027, os.arch: \u0027amd64\u0027, os.version: \u002710.0\u0027, java.version: \u00271.8.0_161\u0027\nDriver info: org.openqa.selenium.chrome.ChromeDriver\nCapabilities {acceptInsecureCerts: false, browserName: chrome, browserVersion: 117.0.5938.63, chrome: {chromedriverVersion: 116.0.5845.96 (1a3918166880..., userDataDir: C:\\Users\\WS\\AppData\\Local\\T...}, fedcm:accounts: true, goog:chromeOptions: {debuggerAddress: localhost:57365}, javascriptEnabled: true, networkConnectionEnabled: false, pageLoadStrategy: normal, platform: WINDOWS, platformName: WINDOWS, proxy: Proxy(), setWindowRect: true, strictFileInteractability: false, timeouts: {implicit: 0, pageLoad: 300000, script: 30000}, unhandledPromptBehavior: dismiss and notify, webauthn:extension:credBlob: true, webauthn:extension:largeBlob: true, webauthn:extension:minPinLength: true, webauthn:extension:prf: true, webauthn:virtualAuthenticators: true}\nSession ID: 9b06553d66cd2619ab328a6b5ca1f6e1\n*** Element info: {Using\u003dxpath, value\u003d(//input[@class\u003d\u0027sui-input__inner sui-input__inner-suffix\u0027])[1]}","stackTrace":[{"declaringClass":"com.co.shein.tasks.LoginTask","methodName":"performAs","fileName":"LoginTask.java","lineNumber":27},{"declaringClass":"com.co.shein.stepsdefinitions.LoginStepDefiniton","methodName":"heUserEnterWithCredentials","fileName":"LoginStepDefiniton.java","lineNumber":40},{"declaringClass":"cucumber.runner.Runner","methodName":"runPickle","fileName":"Runner.java","lineNumber":80},{"declaringClass":"worker.org.gradle.process.internal.worker.GradleWorkerMain","methodName":"run","fileName":"GradleWorkerMain.java","lineNumber":69},{"declaringClass":"worker.org.gradle.process.internal.worker.GradleWorkerMain","methodName":"main","fileName":"GradleWorkerMain.java","lineNumber":74}]}}},"testFailureClassname":"net.thucydides.core.webdriver.exceptions.ElementShouldBeEnabledException","testFailureMessage":"Expected enabled element was not enabled","testFailureSummary":"FAILURE;net.thucydides.core.webdriver.exceptions.ElementShouldBeEnabledException;Expected enabled element was not enabled;LoginTask.java","projectKey":"","annotatedResult":"FAILURE","sessionId":"9b06553d66cd2619ab328a6b5ca1f6e1","driver":"chrome","isManualTestingUpToDate":false,"manual":false,"testSource":"Cucumber","actors":[{"name":"Andres","can":["browse the web"]}],"result":"FAILURE"}